-------------------------------------------------------------------------------
Test set: car_info_system.lab5_ex2.CarServiceTest
-------------------------------------------------------------------------------
Tests run: 9, Failures: 0, Errors: 1, Skipped: 0, Time elapsed: 0.276 s <<< FAILURE! - in car_info_system.lab5_ex2.CarServiceTest
whenValidName_thenCarShouldBeFound  Time elapsed: 0.182 s  <<< ERROR!
org.mockito.exceptions.misusing.InvalidUseOfMatchersException: 

Misplaced or misused argument matcher detected here:

-> at car_info_system.lab5_ex2.CarControllerTest.whenGetCar_thenReturnCar(CarControllerTest.java:40)

You cannot use argument matchers outside of verification or stubbing.
Examples of correct usage of argument matchers:
    when(mock.get(anyInt())).thenReturn(null);
    doThrow(new RuntimeException()).when(mock).someVoidMethod(anyObject());
    verify(mock).someMethod(contains("foo"))

This message may appear after an NullPointerException if the last matcher is returning an object 
like any() but the stubbed method signature expect a primitive argument, in this case,
use primitive alternatives.
    when(mock.get(any())); // bad use, will raise NPE
    when(mock.get(anyInt())); // correct usage use

Also, this error might show up because you use argument matchers with methods that cannot be mocked.
Following methods *cannot* be stubbed/verified: final/private/equals()/hashCode().
Mocking methods declared on non-public parent classes is not supported.


