-------------------------------------------------------------------------------
Test set: car_info_system.lab5_ex2.CarControllerTest
-------------------------------------------------------------------------------
Tests run: 2, Failures: 0, Errors: 2, Skipped: 0, Time elapsed: 0.15 s <<< FAILURE! - in car_info_system.lab5_ex2.CarControllerTest
whenGetCar_thenReturnCar  Time elapsed: 0.146 s  <<< ERROR!
java.lang.NullPointerException
	at car_info_system.lab5_ex2.CarControllerTest.whenGetCar_thenReturnCar(CarControllerTest.java:40)

whenGetNonExistingCar_theReturnNothing  Time elapsed: 0.001 s  <<< ERROR!
java.lang.NullPointerException
	at car_info_system.lab5_ex2.CarControllerTest.whenGetNonExistingCar_theReturnNothing(CarControllerTest.java:54)

